[debug] [2022-03-30T18:01:44.340Z] ----------------------------------------------------------------------
[debug] [2022-03-30T18:01:44.341Z] Command:       C:\Program Files\nodejs\node.exe C:\Users\Mainak Saha\AppData\Roaming\npm\node_modules\firebase-tools\lib\bin\firebase.js init
[debug] [2022-03-30T18:01:44.342Z] CLI Version:   10.4.0
[debug] [2022-03-30T18:01:44.342Z] Platform:      win32
[debug] [2022-03-30T18:01:44.342Z] Node Version:  v16.14.0
[debug] [2022-03-30T18:01:44.343Z] Time:          Wed Mar 30 2022 23:31:44 GMT+0530 (India Standard Time)
[debug] [2022-03-30T18:01:44.344Z] ----------------------------------------------------------------------
[debug] 
[debug] [2022-03-30T18:01:44.347Z] >>> [apiv2][query] GET https://firebase-public.firebaseio.com/cli.json [none]
[debug] [2022-03-30T18:01:44.431Z] > command requires scopes: ["email","openid","https://www.googleapis.com/auth/cloudplatformprojects.readonly","https://www.googleapis.com/auth/firebase","https://www.googleapis.com/auth/cloud-platform"]
[debug] [2022-03-30T18:01:44.431Z] > authorizing via signed-in user (team.language.network@gmail.com)
[info] 
     ######## #### ########  ######## ########     ###     ######  ########
     ##        ##  ##     ## ##       ##     ##  ##   ##  ##       ##
     ######    ##  ########  ######   ########  #########  ######  ######
     ##        ##  ##    ##  ##       ##     ## ##     ##       ## ##
     ##       #### ##     ## ######## ########  ##     ##  ######  ########

You're about to initialize a Firebase project in this directory:

  C:\Users\Mainak Saha\OneDrive\Desktop\website

Before we get started, keep in mind:

  * You are initializing within an existing Firebase project directory

[debug] [2022-03-30T18:01:45.794Z] <<< [apiv2][status] GET https://firebase-public.firebaseio.com/cli.json 200
[debug] [2022-03-30T18:01:45.795Z] <<< [apiv2][body] GET https://firebase-public.firebaseio.com/cli.json {"cloudBuildErrorAfter":1594252800000,"cloudBuildWarnAfter":1590019200000,"defaultNode10After":1594252800000,"minVersion":"3.0.5","node8DeploysDisabledAfter":1613390400000,"node8RuntimeDisabledAfter":1615809600000,"node8WarnAfter":1600128000000}
[info] 
=== Project Setup
[info] 
[info] First, let's associate this project directory with a Firebase project.
[info] You can create multiple project aliases by running firebase use --add, 
[info] but for now we'll just set up a default project.
[info] 
[debug] [2022-03-30T18:01:49.308Z] Using project from CLI flag: thelanguagenetwork-23501
[debug] [2022-03-30T18:01:49.309Z] > refreshing access token with scopes: []
[debug] [2022-03-30T18:01:49.310Z] >>> HTTP REQUEST POST https://www.googleapis.com/oauth2/v3/token  
 <request body omitted>
[debug] [2022-03-30T18:01:49.870Z] <<< HTTP RESPONSE 200 {"pragma":"no-cache","expires":"Mon, 01 Jan 1990 00:00:00 GMT","date":"Wed, 30 Mar 2022 18:01:48 GMT","cache-control":"no-cache, no-store, max-age=0, must-revalidate","content-type":"application/json; charset=utf-8","vary":"X-Origin, Referer, Origin,Accept-Encoding","server":"scaffolding on HTTPServer2","x-xss-protection":"0","x-frame-options":"SAMEORIGIN","x-content-type-options":"nosniff","alt-svc":"h3=\":443\"; ma=2592000,h3-29=\":443\"; ma=2592000,h3-Q050=\":443\"; ma=2592000,h3-Q046=\":443\"; ma=2592000,h3-Q043=\":443\"; ma=2592000,quic=\":443\"; ma=2592000; v=\"46,43\"","accept-ranges":"none","transfer-encoding":"chunked"}
[debug] [2022-03-30T18:01:49.886Z] >>> [apiv2][query] GET https://firebase.googleapis.com/v1beta1/projects/thelanguagenetwork-23501 [none]
[debug] [2022-03-30T18:01:50.771Z] <<< [apiv2][status] GET https://firebase.googleapis.com/v1beta1/projects/thelanguagenetwork-23501 200
[debug] [2022-03-30T18:01:50.771Z] <<< [apiv2][body] GET https://firebase.googleapis.com/v1beta1/projects/thelanguagenetwork-23501 {"projectId":"thelanguagenetwork-23501","projectNumber":"837566465119","displayName":"thelanguagenetwork","name":"projects/thelanguagenetwork-23501","resources":{"hostingSite":"thelanguagenetwork-23501"},"state":"ACTIVE"}
[info] i  Using project thelanguagenetwork-23501 (thelanguagenetwork) 
[info] 
=== Hosting Setup
[info] 
[info] Your public directory is the folder (relative to your project directory) that
[info] will contain Hosting assets to be uploaded with firebase deploy. If you
[info] have a build process for your assets, use your build's output directory.
[info] 
